  [1m[35m (0.2ms)[0m  [1m[34mSELECT GET_LOCK('892336952976185220', 0)[0m
  [1m[36mActiveRecord::SchemaMigration Pluck (0.4ms)[0m  [1m[34mSELECT `schema_migrations`.`version` FROM `schema_migrations` ORDER BY `schema_migrations`.`version` ASC[0m
  [1m[36mActiveRecord::InternalMetadata Load (0.4ms)[0m  [1m[34mSELECT `ar_internal_metadata`.* FROM `ar_internal_metadata` WHERE `ar_internal_metadata`.`key` = 'environment' LIMIT 1[0m
  [1m[35m (0.3ms)[0m  [1m[34mSELECT RELEASE_LOCK('892336952976185220')[0m
  [1m[36mActiveRecord::SchemaMigration Pluck (0.3ms)[0m  [1m[34mSELECT `schema_migrations`.`version` FROM `schema_migrations` ORDER BY `schema_migrations`.`version` ASC[0m
  [1m[35m (0.1ms)[0m  [1m[34mSELECT GET_LOCK('892336952976185220', 0)[0m
  [1m[36mActiveRecord::SchemaMigration Pluck (0.5ms)[0m  [1m[34mSELECT `schema_migrations`.`version` FROM `schema_migrations` ORDER BY `schema_migrations`.`version` ASC[0m
  [1m[36mActiveRecord::InternalMetadata Load (0.5ms)[0m  [1m[34mSELECT `ar_internal_metadata`.* FROM `ar_internal_metadata` WHERE `ar_internal_metadata`.`key` = 'environment' LIMIT 1[0m
  [1m[35m (0.2ms)[0m  [1m[34mSELECT RELEASE_LOCK('892336952976185220')[0m
  [1m[36mActiveRecord::SchemaMigration Pluck (0.1ms)[0m  [1m[34mSELECT `schema_migrations`.`version` FROM `schema_migrations` ORDER BY `schema_migrations`.`version` ASC[0m
  [1m[35m (0.0ms)[0m  [1m[34mSELECT GET_LOCK('892336952976185220', 0)[0m
  [1m[36mActiveRecord::SchemaMigration Pluck (0.2ms)[0m  [1m[34mSELECT `schema_migrations`.`version` FROM `schema_migrations` ORDER BY `schema_migrations`.`version` ASC[0m
Migrating to CreatePosts (20230315152612)
  [1m[35m (8.7ms)[0m  [1m[35mCREATE TABLE `posts` (`id` bigint NOT NULL AUTO_INCREMENT PRIMARY KEY, `title` varchar(255), `content` text, `created_at` datetime(6) NOT NULL, `updated_at` datetime(6) NOT NULL)[0m
  [1m[36mTRANSACTION (0.1ms)[0m  [1m[35mBEGIN[0m
  [1m[36mActiveRecord::SchemaMigration Create (0.3ms)[0m  [1m[32mINSERT INTO `schema_migrations` (`version`) VALUES ('20230315152612')[0m
  [1m[36mTRANSACTION (0.8ms)[0m  [1m[35mCOMMIT[0m
  [1m[36mActiveRecord::InternalMetadata Load (0.2ms)[0m  [1m[34mSELECT `ar_internal_metadata`.* FROM `ar_internal_metadata` WHERE `ar_internal_metadata`.`key` = 'environment' LIMIT 1[0m
  [1m[35m (0.1ms)[0m  [1m[34mSELECT RELEASE_LOCK('892336952976185220')[0m
  [1m[36mActiveRecord::SchemaMigration Pluck (0.1ms)[0m  [1m[34mSELECT `schema_migrations`.`version` FROM `schema_migrations` ORDER BY `schema_migrations`.`version` ASC[0m
Started GET "/" for ::1 at 2023-03-15 20:59:23 +0530
  [1m[36mActiveRecord::SchemaMigration Pluck (0.4ms)[0m  [1m[34mSELECT `schema_migrations`.`version` FROM `schema_migrations` ORDER BY `schema_migrations`.`version` ASC[0m
Processing by Rails::WelcomeController#index as HTML
  Rendering /usr/share/rvm/gems/ruby-3.2.0/gems/railties-7.0.4.3/lib/rails/templates/rails/welcome/index.html.erb
  Rendered /usr/share/rvm/gems/ruby-3.2.0/gems/railties-7.0.4.3/lib/rails/templates/rails/welcome/index.html.erb (Duration: 2.0ms | Allocations: 605)
Completed 200 OK in 15ms (Views: 6.4ms | ActiveRecord: 0.0ms | Allocations: 5037)


Started GET "/posts" for ::1 at 2023-03-15 20:59:34 +0530
Processing by PostsController#index as HTML
  Rendering layout layouts/application.html.erb
  Rendering posts/index.html.erb within layouts/application
  [1m[36mPost Load (0.5ms)[0m  [1m[34mSELECT `posts`.* FROM `posts`[0m
  ↳ app/views/posts/index.html.erb:6
  Rendered posts/index.html.erb within layouts/application (Duration: 3.0ms | Allocations: 1350)
  Rendered layout layouts/application.html.erb (Duration: 149.6ms | Allocations: 90386)
Completed 200 OK in 154ms (Views: 149.8ms | ActiveRecord: 0.5ms | Allocations: 91945)


Started GET "/posts/new" for ::1 at 2023-03-15 20:59:36 +0530
Processing by PostsController#new as HTML
  Rendering layout layouts/application.html.erb
  Rendering posts/new.html.erb within layouts/application
  Rendered posts/_form.html.erb (Duration: 5.2ms | Allocations: 4822)
  Rendered posts/new.html.erb within layouts/application (Duration: 5.7ms | Allocations: 5132)
  Rendered layout layouts/application.html.erb (Duration: 7.0ms | Allocations: 7238)
Completed 200 OK in 18ms (Views: 7.3ms | ActiveRecord: 3.6ms | Allocations: 11496)


Started POST "/posts" for ::1 at 2023-03-15 21:00:08 +0530
Processing by PostsController#create as TURBO_STREAM
  Parameters: {"authenticity_token"=>"[FILTERED]", "post"=>{"title"=>"Ruby", "content"=>"Ruby is a simple language."}, "commit"=>"Create Post"}
  [1m[36mTRANSACTION (0.2ms)[0m  [1m[35mBEGIN[0m
  ↳ app/controllers/posts_controller.rb:27:in `block in create'
  [1m[36mPost Create (0.4ms)[0m  [1m[32mINSERT INTO `posts` (`title`, `content`, `created_at`, `updated_at`) VALUES ('Ruby', 'Ruby is a simple language.', '2023-03-15 15:30:08.475338', '2023-03-15 15:30:08.475338')[0m
  ↳ app/controllers/posts_controller.rb:27:in `block in create'
  [1m[36mTRANSACTION (1.6ms)[0m  [1m[35mCOMMIT[0m
  ↳ app/controllers/posts_controller.rb:27:in `block in create'
Redirected to http://localhost:3000/posts/1
Completed 302 Found in 6ms (ActiveRecord: 2.2ms | Allocations: 3732)


Started GET "/posts/1" for ::1 at 2023-03-15 21:00:08 +0530
Processing by PostsController#show as TURBO_STREAM
  Parameters: {"id"=>"1"}
  [1m[36mPost Load (0.5ms)[0m  [1m[34mSELECT `posts`.* FROM `posts` WHERE `posts`.`id` = 1 LIMIT 1[0m
  ↳ app/controllers/posts_controller.rb:63:in `set_post'
  Rendering layout layouts/application.html.erb
  Rendering posts/show.html.erb within layouts/application
  Rendered posts/_post.html.erb (Duration: 0.2ms | Allocations: 179)
  Rendered posts/show.html.erb within layouts/application (Duration: 2.0ms | Allocations: 1390)
  Rendered layout layouts/application.html.erb (Duration: 6.4ms | Allocations: 3497)
Completed 200 OK in 10ms (Views: 6.7ms | ActiveRecord: 0.5ms | Allocations: 6132)


Started GET "/posts" for ::1 at 2023-03-15 21:00:40 +0530
Processing by PostsController#index as HTML
  Rendering layout layouts/application.html.erb
  Rendering posts/index.html.erb within layouts/application
  [1m[36mPost Load (0.7ms)[0m  [1m[34mSELECT `posts`.* FROM `posts`[0m
  ↳ app/views/posts/index.html.erb:6
  Rendered posts/_post.html.erb (Duration: 0.1ms | Allocations: 20)
  Rendered posts/index.html.erb within layouts/application (Duration: 3.1ms | Allocations: 989)
  Rendered layout layouts/application.html.erb (Duration: 5.6ms | Allocations: 3102)
Completed 200 OK in 7ms (Views: 5.5ms | ActiveRecord: 0.7ms | Allocations: 3373)


  [1m[35m (0.2ms)[0m  [1m[34mSELECT GET_LOCK('892336952976185220', 0)[0m
  [1m[36mActiveRecord::SchemaMigration Pluck (0.2ms)[0m  [1m[34mSELECT `schema_migrations`.`version` FROM `schema_migrations` ORDER BY `schema_migrations`.`version` ASC[0m
Migrating to CreateComments (20230315180547)
  [1m[35m (11.2ms)[0m  [1m[35mCREATE TABLE `comments` (`id` bigint NOT NULL AUTO_INCREMENT PRIMARY KEY, `commenter` varchar(255), `body` text, `post_id` bigint NOT NULL, `created_at` datetime(6) NOT NULL, `updated_at` datetime(6) NOT NULL, INDEX `index_comments_on_post_id` (`post_id`), CONSTRAINT `fk_rails_2fd19c0db7`
FOREIGN KEY (`post_id`)
  REFERENCES `posts` (`id`)
)[0m
  [1m[36mTRANSACTION (0.2ms)[0m  [1m[35mBEGIN[0m
  [1m[36mActiveRecord::SchemaMigration Create (0.2ms)[0m  [1m[32mINSERT INTO `schema_migrations` (`version`) VALUES ('20230315180547')[0m
  [1m[36mTRANSACTION (1.5ms)[0m  [1m[35mCOMMIT[0m
Migrating to CreateAuthors (20230315180909)
  [1m[35m (6.0ms)[0m  [1m[35mCREATE TABLE `authors` (`id` bigint NOT NULL AUTO_INCREMENT PRIMARY KEY, `name` varchar(255), `created_at` datetime(6) NOT NULL, `updated_at` datetime(6) NOT NULL)[0m
  [1m[36mTRANSACTION (0.2ms)[0m  [1m[35mBEGIN[0m
  [1m[36mActiveRecord::SchemaMigration Create (0.3ms)[0m  [1m[32mINSERT INTO `schema_migrations` (`version`) VALUES ('20230315180909')[0m
  [1m[36mTRANSACTION (1.1ms)[0m  [1m[35mCOMMIT[0m
  [1m[36mActiveRecord::InternalMetadata Load (0.2ms)[0m  [1m[34mSELECT `ar_internal_metadata`.* FROM `ar_internal_metadata` WHERE `ar_internal_metadata`.`key` = 'environment' LIMIT 1[0m
  [1m[35m (0.3ms)[0m  [1m[34mSELECT RELEASE_LOCK('892336952976185220')[0m
  [1m[36mActiveRecord::SchemaMigration Pluck (0.1ms)[0m  [1m[34mSELECT `schema_migrations`.`version` FROM `schema_migrations` ORDER BY `schema_migrations`.`version` ASC[0m
  [1m[35m (0.1ms)[0m  [1m[34mSELECT GET_LOCK('892336952976185220', 0)[0m
  [1m[36mActiveRecord::SchemaMigration Pluck (0.2ms)[0m  [1m[34mSELECT `schema_migrations`.`version` FROM `schema_migrations` ORDER BY `schema_migrations`.`version` ASC[0m
Migrating to AddAuthorIdToPost (20230315181116)
  [1m[35m (15.1ms)[0m  [1m[35mALTER TABLE `posts` ADD `author_id` bigint[0m
  [1m[35m (13.7ms)[0m  [1m[35mCREATE INDEX `index_posts_on_author_id` ON `posts` (`author_id`)[0m
  [1m[35m (17.3ms)[0m  [1m[35mALTER TABLE `posts` ADD CONSTRAINT `fk_rails_04d13ef8c7`
FOREIGN KEY (`author_id`)
  REFERENCES `authors` (`id`)
[0m
  [1m[36mTRANSACTION (0.2ms)[0m  [1m[35mBEGIN[0m
  [1m[36mActiveRecord::SchemaMigration Create (0.3ms)[0m  [1m[32mINSERT INTO `schema_migrations` (`version`) VALUES ('20230315181116')[0m
  [1m[36mTRANSACTION (1.1ms)[0m  [1m[35mCOMMIT[0m
  [1m[36mActiveRecord::InternalMetadata Load (0.3ms)[0m  [1m[34mSELECT `ar_internal_metadata`.* FROM `ar_internal_metadata` WHERE `ar_internal_metadata`.`key` = 'environment' LIMIT 1[0m
  [1m[35m (0.3ms)[0m  [1m[34mSELECT RELEASE_LOCK('892336952976185220')[0m
  [1m[36mActiveRecord::SchemaMigration Pluck (0.1ms)[0m  [1m[34mSELECT `schema_migrations`.`version` FROM `schema_migrations` ORDER BY `schema_migrations`.`version` ASC[0m
  [1m[35m (0.1ms)[0m  [1m[34mSELECT GET_LOCK('892336952976185220', 0)[0m
  [1m[36mActiveRecord::SchemaMigration Pluck (0.1ms)[0m  [1m[34mSELECT `schema_migrations`.`version` FROM `schema_migrations` ORDER BY `schema_migrations`.`version` ASC[0m
Migrating to AddCommentIdToNestedComment (20230315183131)
  [1m[35m (13.2ms)[0m  [1m[35mALTER TABLE `comments` ADD `comment_id` bigint[0m
  [1m[35m (4.6ms)[0m  [1m[35mCREATE INDEX `index_comments_on_comment_id` ON `comments` (`comment_id`)[0m
  [1m[35m (17.4ms)[0m  [1m[35mALTER TABLE `comments` ADD CONSTRAINT `fk_rails_6545a5f2bc`
FOREIGN KEY (`comment_id`)
  REFERENCES `comments` (`id`)
[0m
  [1m[36mTRANSACTION (0.2ms)[0m  [1m[35mBEGIN[0m
  [1m[36mActiveRecord::SchemaMigration Create (0.2ms)[0m  [1m[32mINSERT INTO `schema_migrations` (`version`) VALUES ('20230315183131')[0m
  [1m[36mTRANSACTION (1.0ms)[0m  [1m[35mCOMMIT[0m
  [1m[36mActiveRecord::InternalMetadata Load (0.2ms)[0m  [1m[34mSELECT `ar_internal_metadata`.* FROM `ar_internal_metadata` WHERE `ar_internal_metadata`.`key` = 'environment' LIMIT 1[0m
  [1m[35m (0.2ms)[0m  [1m[34mSELECT RELEASE_LOCK('892336952976185220')[0m
  [1m[36mActiveRecord::SchemaMigration Pluck (0.1ms)[0m  [1m[34mSELECT `schema_migrations`.`version` FROM `schema_migrations` ORDER BY `schema_migrations`.`version` ASC[0m
Started GET "/posts" for ::1 at 2023-03-16 00:29:32 +0530
  [1m[36mActiveRecord::SchemaMigration Pluck (0.1ms)[0m  [1m[34mSELECT `schema_migrations`.`version` FROM `schema_migrations` ORDER BY `schema_migrations`.`version` ASC[0m
Processing by PostsController#index as HTML
  Rendering layout layouts/application.html.erb
  Rendering posts/index.html.erb within layouts/application
  [1m[36mPost Load (0.5ms)[0m  [1m[34mSELECT `posts`.* FROM `posts`[0m
  ↳ app/views/posts/index.html.erb:6
  Rendered posts/_post.html.erb (Duration: 0.3ms | Allocations: 213)
  Rendered posts/index.html.erb within layouts/application (Duration: 9.4ms | Allocations: 6267)
  Rendered layout layouts/application.html.erb (Duration: 72.6ms | Allocations: 39474)
Completed 200 OK in 78ms (Views: 71.2ms | ActiveRecord: 2.8ms | Allocations: 44525)


Started GET "/posts" for ::1 at 2023-03-16 00:29:33 +0530
Processing by PostsController#index as HTML
  Rendering layout layouts/application.html.erb
  Rendering posts/index.html.erb within layouts/application
  [1m[36mPost Load (0.2ms)[0m  [1m[34mSELECT `posts`.* FROM `posts`[0m
  ↳ app/views/posts/index.html.erb:6
  Rendered posts/_post.html.erb (Duration: 0.0ms | Allocations: 20)
  Rendered posts/index.html.erb within layouts/application (Duration: 1.6ms | Allocations: 997)
  Rendered layout layouts/application.html.erb (Duration: 2.9ms | Allocations: 3104)
Completed 200 OK in 3ms (Views: 2.9ms | ActiveRecord: 0.2ms | Allocations: 3381)


Started GET "/posts/1" for ::1 at 2023-03-16 00:29:41 +0530
Processing by PostsController#show as HTML
  Parameters: {"id"=>"1"}
  [1m[36mPost Load (0.5ms)[0m  [1m[34mSELECT `posts`.* FROM `posts` WHERE `posts`.`id` = 1 LIMIT 1[0m
  ↳ app/controllers/posts_controller.rb:63:in `set_post'
  Rendering layout layouts/application.html.erb
  Rendering posts/show.html.erb within layouts/application
  Rendered posts/_post.html.erb (Duration: 0.1ms | Allocations: 20)
  Rendered posts/show.html.erb within layouts/application (Duration: 4.4ms | Allocations: 3302)
  Rendered layout layouts/application.html.erb (Duration: 4.6ms | Allocations: 3390)
Completed 500 Internal Server Error in 9ms (ActiveRecord: 0.5ms | Allocations: 5975)


  
ActionView::Template::Error (undefined method `body' for #<Post id: 1, title: "Ruby", content: "Ruby is a simple language.", created_at: "2023-03-15 15:30:08.475338000 +0000", updated_at: "2023-03-15 15:30:08.475338000 +0000", author_id: nil>):
    12: 
    13: <h1><%= @post.title %></h1>
    14: 
    15: <p><%= @post.body %></p>
    16: 
    17: <ul>
    18:   <li><%= link_to "Edit", edit_post_path(@post) %></li>
  
app/views/posts/show.html.erb:15
Started GET "/posts/1" for ::1 at 2023-03-16 00:30:24 +0530
Processing by PostsController#show as HTML
  Parameters: {"id"=>"1"}
  [1m[36mPost Load (0.2ms)[0m  [1m[34mSELECT `posts`.* FROM `posts` WHERE `posts`.`id` = 1 LIMIT 1[0m
  ↳ app/controllers/posts_controller.rb:63:in `set_post'
  Rendering layout layouts/application.html.erb
  Rendering posts/show.html.erb within layouts/application
  Rendered posts/_post.html.erb (Duration: 0.2ms | Allocations: 165)
  [1m[36mComment Load (0.2ms)[0m  [1m[34mSELECT `comments`.* FROM `comments` WHERE `comments`.`post_id` = 1[0m
  ↳ app/views/posts/show.html.erb:26
  Rendered posts/show.html.erb within layouts/application (Duration: 19.2ms | Allocations: 23086)
  Rendered layout layouts/application.html.erb (Duration: 20.7ms | Allocations: 25456)
Completed 200 OK in 23ms (Views: 19.7ms | ActiveRecord: 1.9ms | Allocations: 26731)


Started POST "/posts/1/comments" for ::1 at 2023-03-16 00:30:50 +0530
Processing by CommentsController#create as TURBO_STREAM
  Parameters: {"authenticity_token"=>"[FILTERED]", "comment"=>{"commenter"=>"mayur", "body"=>" bhari....!"}, "commit"=>"Create Comment", "post_id"=>"1"}
  [1m[36mPost Load (0.4ms)[0m  [1m[34mSELECT `posts`.* FROM `posts` WHERE `posts`.`id` = 1 LIMIT 1[0m
  ↳ app/controllers/comments_controller.rb:3:in `create'
Completed 500 Internal Server Error in 2ms (ActiveRecord: 0.4ms | Allocations: 1446)


  
NoMethodError (undefined method `Comments' for #<Post id: 1, title: "Ruby", content: "Ruby is a simple language.", created_at: "2023-03-15 15:30:08.475338000 +0000", updated_at: "2023-03-15 15:30:08.475338000 +0000", author_id: nil>):
  
app/controllers/comments_controller.rb:4:in `create'
Started GET "/posts/1" for ::1 at 2023-03-16 00:31:49 +0530
Processing by PostsController#show as HTML
  Parameters: {"id"=>"1"}
  [1m[36mPost Load (0.2ms)[0m  [1m[34mSELECT `posts`.* FROM `posts` WHERE `posts`.`id` = 1 LIMIT 1[0m
  ↳ app/controllers/posts_controller.rb:63:in `set_post'
  Rendering layout layouts/application.html.erb
  Rendering posts/show.html.erb within layouts/application
  Rendered posts/_post.html.erb (Duration: 0.1ms | Allocations: 37)
  [1m[36mComment Load (0.5ms)[0m  [1m[34mSELECT `comments`.* FROM `comments` WHERE `comments`.`post_id` = 1[0m
  ↳ app/views/posts/show.html.erb:26
  Rendered posts/show.html.erb within layouts/application (Duration: 9.0ms | Allocations: 6784)
  Rendered layout layouts/application.html.erb (Duration: 13.5ms | Allocations: 19638)
Completed 200 OK in 22ms (Views: 12.2ms | ActiveRecord: 4.4ms | Allocations: 23959)


Started POST "/posts/1/comments" for ::1 at 2023-03-16 00:32:03 +0530
Processing by CommentsController#create as TURBO_STREAM
  Parameters: {"authenticity_token"=>"[FILTERED]", "comment"=>{"commenter"=>"mayurbhari....!", "body"=>""}, "commit"=>"Create Comment", "post_id"=>"1"}
  [1m[36mPost Load (0.2ms)[0m  [1m[34mSELECT `posts`.* FROM `posts` WHERE `posts`.`id` = 1 LIMIT 1[0m
  ↳ app/controllers/comments_controller.rb:3:in `create'
  [1m[36mTRANSACTION (0.1ms)[0m  [1m[35mBEGIN[0m
  ↳ app/controllers/comments_controller.rb:4:in `create'
  [1m[36mComment Create (0.3ms)[0m  [1m[32mINSERT INTO `comments` (`commenter`, `body`, `post_id`, `created_at`, `updated_at`, `comment_id`) VALUES ('mayurbhari....!', '', 1, '2023-03-15 19:02:03.563640', '2023-03-15 19:02:03.563640', NULL)[0m
  ↳ app/controllers/comments_controller.rb:4:in `create'
  [1m[36mTRANSACTION (1.2ms)[0m  [1m[35mCOMMIT[0m
  ↳ app/controllers/comments_controller.rb:4:in `create'
Redirected to http://localhost:3000/posts/1
Completed 302 Found in 7ms (ActiveRecord: 1.8ms | Allocations: 4967)


Started GET "/posts/1" for ::1 at 2023-03-16 00:32:03 +0530
Processing by PostsController#show as TURBO_STREAM
  Parameters: {"id"=>"1"}
  [1m[36mPost Load (0.2ms)[0m  [1m[34mSELECT `posts`.* FROM `posts` WHERE `posts`.`id` = 1 LIMIT 1[0m
  ↳ app/controllers/posts_controller.rb:63:in `set_post'
  Rendering layout layouts/application.html.erb
  Rendering posts/show.html.erb within layouts/application
  Rendered posts/_post.html.erb (Duration: 0.0ms | Allocations: 20)
  [1m[36mComment Load (0.2ms)[0m  [1m[34mSELECT `comments`.* FROM `comments` WHERE `comments`.`post_id` = 1[0m
  ↳ app/views/posts/show.html.erb:26
  Rendered posts/show.html.erb within layouts/application (Duration: 2.3ms | Allocations: 2361)
  Rendered layout layouts/application.html.erb (Duration: 6.5ms | Allocations: 4470)
Completed 200 OK in 8ms (Views: 6.5ms | ActiveRecord: 0.4ms | Allocations: 5290)


Started GET "/posts" for ::1 at 2023-03-16 00:37:57 +0530
Processing by PostsController#index as HTML
  Rendering layout layouts/application.html.erb
  Rendering posts/index.html.erb within layouts/application
  [1m[36mPost Load (1.1ms)[0m  [1m[34mSELECT `posts`.* FROM `posts`[0m
  ↳ app/views/posts/index.html.erb:6
  Rendered posts/_post.html.erb (Duration: 0.1ms | Allocations: 20)
  Rendered posts/index.html.erb within layouts/application (Duration: 9.4ms | Allocations: 1336)
  Rendered layout layouts/application.html.erb (Duration: 12.9ms | Allocations: 3444)
Completed 200 OK in 15ms (Views: 13.6ms | ActiveRecord: 1.8ms | Allocations: 3798)


Started GET "/posts/1" for ::1 at 2023-03-16 00:38:00 +0530
Processing by PostsController#show as HTML
  Parameters: {"id"=>"1"}
  [1m[36mPost Load (0.5ms)[0m  [1m[34mSELECT `posts`.* FROM `posts` WHERE `posts`.`id` = 1 LIMIT 1[0m
  ↳ app/controllers/posts_controller.rb:63:in `set_post'
  Rendering layout layouts/application.html.erb
  Rendering posts/show.html.erb within layouts/application
  Rendered posts/_post.html.erb (Duration: 0.1ms | Allocations: 20)
  [1m[36mComment Load (0.5ms)[0m  [1m[34mSELECT `comments`.* FROM `comments` WHERE `comments`.`post_id` = 1[0m
  ↳ app/views/posts/show.html.erb:26
  Rendered posts/show.html.erb within layouts/application (Duration: 8.4ms | Allocations: 2332)
  Rendered layout layouts/application.html.erb (Duration: 15.3ms | Allocations: 4431)
Completed 200 OK in 17ms (Views: 15.1ms | ActiveRecord: 1.0ms | Allocations: 5206)


Started GET "/posts/1" for ::1 at 2023-03-16 00:48:45 +0530
  [1m[36mActiveRecord::SchemaMigration Pluck (0.2ms)[0m  [1m[34mSELECT `schema_migrations`.`version` FROM `schema_migrations` ORDER BY `schema_migrations`.`version` ASC[0m
Processing by PostsController#show as HTML
  Parameters: {"id"=>"1"}
  [1m[36mPost Load (0.3ms)[0m  [1m[34mSELECT `posts`.* FROM `posts` WHERE `posts`.`id` = 1 LIMIT 1[0m
  ↳ app/controllers/posts_controller.rb:63:in `set_post'
  Rendering layout layouts/application.html.erb
  Rendering posts/show.html.erb within layouts/application
  Rendered posts/_post.html.erb (Duration: 0.2ms | Allocations: 213)
  [1m[36mComment Load (0.3ms)[0m  [1m[34mSELECT `comments`.* FROM `comments` WHERE `comments`.`post_id` = 1[0m
  ↳ app/views/posts/show.html.erb:26
  Rendered posts/show.html.erb within layouts/application (Duration: 11.3ms | Allocations: 11907)
  Rendered layout layouts/application.html.erb (Duration: 11.4ms | Allocations: 12007)
Completed 500 Internal Server Error in 24ms (ActiveRecord: 5.2ms | Allocations: 22909)


  
ActionView::Template::Error (undefined method `comments' for #<Comment id: 1, commenter: "mayurbhari....!", body: "", post_id: 1, created_at: "2023-03-15 19:02:03.563640000 +0000", updated_at: "2023-03-15 19:02:03.563640000 +0000", comment_id: nil>):
    35:   </p>
    36: 
    37:   <h2>Add a comment:</h2>
    38: <%= form_with model: [ comment, comment.comments.build ] do |form| %>
    39:   <p>
    40:     <%= form.label :body %><br>
    41:     <%= form.text_area :body %>
  
app/views/posts/show.html.erb:38
app/views/posts/show.html.erb:26
Started GET "/posts/1" for ::1 at 2023-03-16 00:50:00 +0530
Processing by PostsController#show as HTML
  Parameters: {"id"=>"1"}
  [1m[36mPost Load (0.1ms)[0m  [1m[34mSELECT `posts`.* FROM `posts` WHERE `posts`.`id` = 1 LIMIT 1[0m
  ↳ app/controllers/posts_controller.rb:63:in `set_post'
  Rendering layout layouts/application.html.erb
  Rendering posts/show.html.erb within layouts/application
  Rendered posts/_post.html.erb (Duration: 0.1ms | Allocations: 37)
  [1m[36mComment Load (0.2ms)[0m  [1m[34mSELECT `comments`.* FROM `comments` WHERE `comments`.`post_id` = 1[0m
  ↳ app/views/posts/show.html.erb:26
  Rendered posts/show.html.erb within layouts/application (Duration: 8.0ms | Allocations: 8375)
  Rendered layout layouts/application.html.erb (Duration: 8.1ms | Allocations: 8464)
Completed 500 Internal Server Error in 16ms (ActiveRecord: 3.4ms | Allocations: 12759)


  
ActionView::Template::Error (undefined method `comment_comments_path' for #<ActionView::Base:0x00000000011558>):
    35:   </p>
    36: 
    37:   <h2>Add a comment:</h2>
    38: <%= form_with model: [ comment, comment.comments.build ] do |form| %>
    39:   <p>
    40:     <%= form.label :body %><br>
    41:     <%= form.text_area :body %>
  
app/views/posts/show.html.erb:38
app/views/posts/show.html.erb:26
Started GET "/posts/1" for ::1 at 2023-03-16 00:50:58 +0530
Processing by PostsController#show as HTML
  Parameters: {"id"=>"1"}
  [1m[36mPost Load (0.2ms)[0m  [1m[34mSELECT `posts`.* FROM `posts` WHERE `posts`.`id` = 1 LIMIT 1[0m
  ↳ app/controllers/posts_controller.rb:63:in `set_post'
  Rendering layout layouts/application.html.erb
  Rendering posts/show.html.erb within layouts/application
  Rendered posts/_post.html.erb (Duration: 0.1ms | Allocations: 37)
  [1m[36mComment Load (0.2ms)[0m  [1m[34mSELECT `comments`.* FROM `comments` WHERE `comments`.`post_id` = 1[0m
  ↳ app/views/posts/show.html.erb:26
  Rendered posts/show.html.erb within layouts/application (Duration: 6.5ms | Allocations: 7764)
  Rendered layout layouts/application.html.erb (Duration: 6.6ms | Allocations: 7852)
Completed 500 Internal Server Error in 14ms (ActiveRecord: 4.1ms | Allocations: 12146)


  
ActionView::Template::Error (undefined method `comment_comments_path' for #<ActionView::Base:0x00000000016af8>):
    35:   </p>
    36: 
    37:   <h2>Add a comment:</h2>
    38: <%= form_with model: [ comment, comment.comments.build ] do |form| %>
    39:   <p>
    40:     <%= form.label :body %><br>
    41:     <%= form.text_area :body %>
  
app/views/posts/show.html.erb:38
app/views/posts/show.html.erb:26
Started GET "/posts/1" for ::1 at 2023-03-16 00:53:11 +0530
Processing by PostsController#show as HTML
  Parameters: {"id"=>"1"}
  [1m[36mPost Load (0.4ms)[0m  [1m[34mSELECT `posts`.* FROM `posts` WHERE `posts`.`id` = 1 LIMIT 1[0m
  ↳ app/controllers/posts_controller.rb:63:in `set_post'
  Rendering layout layouts/application.html.erb
  Rendering posts/show.html.erb within layouts/application
  Rendered posts/_post.html.erb (Duration: 0.4ms | Allocations: 165)
  [1m[36mComment Load (0.5ms)[0m  [1m[34mSELECT `comments`.* FROM `comments` WHERE `comments`.`post_id` = 1[0m
  ↳ app/views/posts/show.html.erb:26
  Rendered posts/show.html.erb within layouts/application (Duration: 5.6ms | Allocations: 3488)
  Rendered layout layouts/application.html.erb (Duration: 5.8ms | Allocations: 3577)
Completed 500 Internal Server Error in 9ms (ActiveRecord: 0.9ms | Allocations: 4829)


  
ActionView::Template::Error (undefined method `comment_comments_path' for #<ActionView::Base:0x00000000016eb8>):
    35:   </p>
    36: 
    37: #   <h2>Add a comment:</h2>
    38: # <%= form_with model: [ comment, comment.comments.build ] do |form| %>
    39: #   <p>
    40: #     <%= form.label :body %><br>
    41: #     <%= form.text_area :body %>
  
app/views/posts/show.html.erb:38
app/views/posts/show.html.erb:26
Started GET "/posts/1" for ::1 at 2023-03-16 00:53:32 +0530
Processing by PostsController#show as HTML
  Parameters: {"id"=>"1"}
  [1m[36mPost Load (0.2ms)[0m  [1m[34mSELECT `posts`.* FROM `posts` WHERE `posts`.`id` = 1 LIMIT 1[0m
  ↳ app/controllers/posts_controller.rb:63:in `set_post'
  Rendering layout layouts/application.html.erb
  Rendering posts/show.html.erb within layouts/application
  Rendered posts/_post.html.erb (Duration: 0.1ms | Allocations: 37)
  [1m[36mComment Load (0.2ms)[0m  [1m[34mSELECT `comments`.* FROM `comments` WHERE `comments`.`post_id` = 1[0m
  ↳ app/views/posts/show.html.erb:26
  Rendered posts/show.html.erb within layouts/application (Duration: 6.9ms | Allocations: 6819)
  Rendered layout layouts/application.html.erb (Duration: 7.0ms | Allocations: 6908)
Completed 500 Internal Server Error in 13ms (ActiveRecord: 3.7ms | Allocations: 11200)


  
ActionView::Template::Error (undefined method `comments' for #<Comment id: 1, commenter: "mayurbhari....!", body: "", post_id: 1, created_at: "2023-03-15 19:02:03.563640000 +0000", updated_at: "2023-03-15 19:02:03.563640000 +0000", comment_id: nil>):
    35:   </p>
    36: 
    37: #   <h2>Add a comment:</h2>
    38: # <%= form_with model: [ comment, comment.comments.build ] do |form| %>
    39: #   <p>
    40: #     <%= form.label :body %><br>
    41: #     <%= form.text_area :body %>
  
app/views/posts/show.html.erb:38
app/views/posts/show.html.erb:26
Started GET "/posts/1" for ::1 at 2023-03-16 00:54:11 +0530
Processing by PostsController#show as HTML
  Parameters: {"id"=>"1"}
  [1m[36mPost Load (0.3ms)[0m  [1m[34mSELECT `posts`.* FROM `posts` WHERE `posts`.`id` = 1 LIMIT 1[0m
  ↳ app/controllers/posts_controller.rb:63:in `set_post'
  Rendering layout layouts/application.html.erb
  Rendering posts/show.html.erb within layouts/application
  Rendered posts/_post.html.erb (Duration: 0.2ms | Allocations: 165)
  [1m[36mComment Load (0.2ms)[0m  [1m[34mSELECT `comments`.* FROM `comments` WHERE `comments`.`post_id` = 1[0m
  ↳ app/views/posts/show.html.erb:26
  Rendered posts/show.html.erb within layouts/application (Duration: 7.1ms | Allocations: 11508)
  Rendered layout layouts/application.html.erb (Duration: 30.9ms | Allocations: 44274)
Completed 200 OK in 33ms (Views: 31.4ms | ActiveRecord: 0.5ms | Allocations: 45586)


  [1m[36mComment Load (0.3ms)[0m  [1m[34mSELECT `comments`.* FROM `comments` ORDER BY `comments`.`id` ASC LIMIT 1[0m
  [1m[36mComment Load (0.3ms)[0m  [1m[34mSELECT `comments`.* FROM `comments` ORDER BY `comments`.`id` ASC LIMIT 1[0m
  [1m[36mComment Load (0.6ms)[0m  [1m[34mSELECT `comments`.* FROM `comments` ORDER BY `comments`.`id` ASC LIMIT 1[0m
  [1m[36mComment Load (0.6ms)[0m  [1m[34mSELECT `comments`.* FROM `comments` WHERE `comments`.`comment_id` = 1[0m
  [1m[36mTRANSACTION (0.3ms)[0m  [1m[35mBEGIN[0m
  [1m[36mPost Load (0.6ms)[0m  [1m[34mSELECT `posts`.* FROM `posts` WHERE `posts`.`id` = 1 LIMIT 1[0m
  [1m[36mComment Load (0.6ms)[0m  [1m[34mSELECT `comments`.* FROM `comments` WHERE `comments`.`id` = 1 LIMIT 1[0m
  [1m[36mComment Create (0.5ms)[0m  [1m[32mINSERT INTO `comments` (`commenter`, `body`, `post_id`, `created_at`, `updated_at`, `comment_id`) VALUES ('gaurav', 'casdhcg jlkc ac', 1, '2023-03-16 06:24:18.244873', '2023-03-16 06:24:18.244873', 1)[0m
  [1m[36mTRANSACTION (1.4ms)[0m  [1m[35mCOMMIT[0m
  [1m[36mTRANSACTION (0.3ms)[0m  [1m[35mBEGIN[0m
  [1m[36mPost Load (0.5ms)[0m  [1m[34mSELECT `posts`.* FROM `posts` WHERE `posts`.`id` = 1 LIMIT 1[0m
  [1m[36mComment Load (0.3ms)[0m  [1m[34mSELECT `comments`.* FROM `comments` WHERE `comments`.`id` = 1 LIMIT 1[0m
  [1m[36mComment Create (0.3ms)[0m  [1m[32mINSERT INTO `comments` (`commenter`, `body`, `post_id`, `created_at`, `updated_at`, `comment_id`) VALUES ('bhushan', 'fdla uf rfhu ;qu', 1, '2023-03-16 06:25:15.519253', '2023-03-16 06:25:15.519253', 1)[0m
  [1m[36mTRANSACTION (3.3ms)[0m  [1m[35mCOMMIT[0m
Started GET "/" for ::1 at 2023-03-16 12:11:13 +0530
  [1m[36mActiveRecord::SchemaMigration Pluck (0.6ms)[0m  [1m[34mSELECT `schema_migrations`.`version` FROM `schema_migrations` ORDER BY `schema_migrations`.`version` ASC[0m
Processing by PostsController#index as HTML
  Rendering layout layouts/application.html.erb
  Rendering posts/index.html.erb within layouts/application
  [1m[36mPost Load (0.6ms)[0m  [1m[34mSELECT `posts`.* FROM `posts`[0m
  ↳ app/views/posts/index.html.erb:6
  Rendered posts/_post.html.erb (Duration: 0.3ms | Allocations: 213)
  Rendered posts/index.html.erb within layouts/application (Duration: 8.6ms | Allocations: 6054)
  Rendered layout layouts/application.html.erb (Duration: 65.5ms | Allocations: 39378)
Completed 200 OK in 71ms (Views: 64.2ms | ActiveRecord: 2.5ms | Allocations: 44087)


Started GET "/posts/1" for ::1 at 2023-03-16 12:11:19 +0530
Processing by PostsController#show as HTML
  Parameters: {"id"=>"1"}
  [1m[36mPost Load (0.5ms)[0m  [1m[34mSELECT `posts`.* FROM `posts` WHERE `posts`.`id` = 1 LIMIT 1[0m
  ↳ app/controllers/posts_controller.rb:63:in `set_post'
  Rendering layout layouts/application.html.erb
  Rendering posts/show.html.erb within layouts/application
  Rendered posts/show.html.erb within layouts/application (Duration: 1.4ms | Allocations: 1745)
  Rendered layout layouts/application.html.erb (Duration: 1.5ms | Allocations: 1834)
Completed 500 Internal Server Error in 5ms (ActiveRecord: 0.5ms | Allocations: 4423)


  
ActionView::SyntaxErrorInTemplate (Encountered a syntax error while rendering template: check # <p style="color: green"><%= notice %></p>

# <%= render @post %>

# <div>
#   <%= link_to "Edit this post", edit_post_path(@post) %> |
#   <%= link_to "Back to posts", posts_path %>

#   <%= button_to "Destroy this post", @post, method: :delete %>
# </div>


<h1><%= @post.title %></h1>

<p><%= @post.content %></p>

<ul>
  <li><%= link_to "Edit", edit_post_path(@post) %></li>
  <li><%= link_to "Destroy", post_path(@post), data: {
                    turbo_method: :delete,
                    turbo_confirm: "Are you sure?"
                  } %></li>
</ul>

<h2>Comments</h2>
<% @post.comments.each do |comment| %>
  <p>
    <strong>Commenter:</strong>
    <%= comment.commenter %>
  </p>

  <p>
    <strong>Comment:</strong>
    <%= comment.body %>
  </p>
  
  <% comment.comments.each do |i| %>
    <p>
      <strong>reply Commenter:</strong>
      <%= i.commenter %>
    </p>
  
    <p>
      <strong>Comment:</strong>
      <%= i.body %>
    </p>

<% end %>


<h2>Add a comment:</h2>
<%= form_with model: [ @post, @post.comments.build ] do |form| %>
  <p>
    <%= form.label :commenter %><br>
    <%= form.text_field :commenter %>
  </p>
  <p>
    <%= form.label :body %><br>
    <%= form.text_area :body %>
  </p>
  <p>
    <%= form.submit %>
  </p>
<% end %>

):
1:    # <p style="color: green"><%= notice %></p>
2:    
3:    # <%= render @post %>
4:    
5:    # <div>
6:    #   <%= link_to "Edit this post", edit_post_path(@post) %> |
7:    #   <%= link_to "Back to posts", posts_path %>
8:    
9:    #   <%= button_to "Destroy this post", @post, method: :delete %>
10:    # </div>
11:    
12:    
13:    <h1><%= @post.title %></h1>
14:    
15:    <p><%= @post.content %></p>
16:    
17:    <ul>
18:      <li><%= link_to "Edit", edit_post_path(@post) %></li>
19:      <li><%= link_to "Destroy", post_path(@post), data: {
20:                        turbo_method: :delete,
21:                        turbo_confirm: "Are you sure?"
22:                      } %></li>
23:    </ul>
24:    
25:    <h2>Comments</h2>
26:    <% @post.comments.each do |comment| %>
27:      <p>
28:        <strong>Commenter:</strong>
29:        <%= comment.commenter %>
30:      </p>
31:    
32:      <p>
33:        <strong>Comment:</strong>
34:        <%= comment.body %>
35:      </p>
36:      
37:      <% comment.comments.each do |i| %>
38:        <p>
39:          <strong>reply Commenter:</strong>
40:          <%= i.commenter %>
41:        </p>
42:      
43:        <p>
44:          <strong>Comment:</strong>
45:          <%= i.body %>
46:        </p>
47:    
48:    <% end %>
49:    
50:    
51:    <h2>Add a comment:</h2>
52:    <%= form_with model: [ @post, @post.comments.build ] do |form| %>
53:      <p>
54:        <%= form.label :commenter %><br>
55:        <%= form.text_field :commenter %>
56:      </p>
57:      <p>
58:        <%= form.label :body %><br>
59:        <%= form.text_area :body %>
60:      </p>
61:      <p>
62:        <%= form.submit %>
63:      </p>
64:    <% end %>
  
app/views/posts/show.html.erb:66: syntax error, unexpected end-of-input
app/views/posts/show.html.erb:66: syntax error, unexpected end-of-input
app/views/posts/show.html.erb:66: syntax error, unexpected end-of-input
app/views/posts/show.html.erb:66: syntax error, unexpected end-of-input
app/views/posts/show.html.erb:66: syntax error, unexpected end-of-input
app/views/posts/show.html.erb:66: syntax error, unexpected end-of-input
Started GET "/" for ::1 at 2023-03-16 12:11:31 +0530
Processing by PostsController#index as HTML
  Rendering layout layouts/application.html.erb
  Rendering posts/index.html.erb within layouts/application
  [1m[36mPost Load (0.9ms)[0m  [1m[34mSELECT `posts`.* FROM `posts`[0m
  ↳ app/views/posts/index.html.erb:6
  Rendered posts/_post.html.erb (Duration: 0.3ms | Allocations: 20)
  Rendered posts/index.html.erb within layouts/application (Duration: 6.3ms | Allocations: 933)
  Rendered layout layouts/application.html.erb (Duration: 12.4ms | Allocations: 3059)
Completed 200 OK in 13ms (Views: 11.9ms | ActiveRecord: 0.9ms | Allocations: 3337)


Started GET "/posts/1" for ::1 at 2023-03-16 12:11:38 +0530
Processing by PostsController#show as HTML
  Parameters: {"id"=>"1"}
  [1m[36mPost Load (0.7ms)[0m  [1m[34mSELECT `posts`.* FROM `posts` WHERE `posts`.`id` = 1 LIMIT 1[0m
  ↳ app/controllers/posts_controller.rb:63:in `set_post'
  Rendering layout layouts/application.html.erb
  Rendering posts/show.html.erb within layouts/application
  Rendered posts/show.html.erb within layouts/application (Duration: 0.9ms | Allocations: 1465)
  Rendered layout layouts/application.html.erb (Duration: 1.1ms | Allocations: 1554)
Completed 500 Internal Server Error in 4ms (ActiveRecord: 0.7ms | Allocations: 2312)


  
ActionView::SyntaxErrorInTemplate (Encountered a syntax error while rendering template: check # <p style="color: green"><%= notice %></p>

# <%= render @post %>

# <div>
#   <%= link_to "Edit this post", edit_post_path(@post) %> |
#   <%= link_to "Back to posts", posts_path %>

#   <%= button_to "Destroy this post", @post, method: :delete %>
# </div>


<h1><%= @post.title %></h1>

<p><%= @post.content %></p>

<ul>
  <li><%= link_to "Edit", edit_post_path(@post) %></li>
  <li><%= link_to "Destroy", post_path(@post), data: {
                    turbo_method: :delete,
                    turbo_confirm: "Are you sure?"
                  } %></li>
</ul>

<h2>Comments</h2>
<% @post.comments.each do |comment| %>
  <p>
    <strong>Commenter:</strong>
    <%= comment.commenter %>
  </p>

  <p>
    <strong>Comment:</strong>
    <%= comment.body %>
  </p>
  
  <% comment.comments.each do |i| %>
    <p>
      <strong>reply Commenter:</strong>
      <%= i.commenter %>
    </p>
  
    <p>
      <strong>Comment:</strong>
      <%= i.body %>
    </p>

<% end %>


<h2>Add a comment:</h2>
<%= form_with model: [ @post, @post.comments.build ] do |form| %>
  <p>
    <%= form.label :commenter %><br>
    <%= form.text_field :commenter %>
  </p>
  <p>
    <%= form.label :body %><br>
    <%= form.text_area :body %>
  </p>
  <p>
    <%= form.submit %>
  </p>
<% end %>

):
1:    # <p style="color: green"><%= notice %></p>
2:    
3:    # <%= render @post %>
4:    
5:    # <div>
6:    #   <%= link_to "Edit this post", edit_post_path(@post) %> |
7:    #   <%= link_to "Back to posts", posts_path %>
8:    
9:    #   <%= button_to "Destroy this post", @post, method: :delete %>
10:    # </div>
11:    
12:    
13:    <h1><%= @post.title %></h1>
14:    
15:    <p><%= @post.content %></p>
16:    
17:    <ul>
18:      <li><%= link_to "Edit", edit_post_path(@post) %></li>
19:      <li><%= link_to "Destroy", post_path(@post), data: {
20:                        turbo_method: :delete,
21:                        turbo_confirm: "Are you sure?"
22:                      } %></li>
23:    </ul>
24:    
25:    <h2>Comments</h2>
26:    <% @post.comments.each do |comment| %>
27:      <p>
28:        <strong>Commenter:</strong>
29:        <%= comment.commenter %>
30:      </p>
31:    
32:      <p>
33:        <strong>Comment:</strong>
34:        <%= comment.body %>
35:      </p>
36:      
37:      <% comment.comments.each do |i| %>
38:        <p>
39:          <strong>reply Commenter:</strong>
40:          <%= i.commenter %>
41:        </p>
42:      
43:        <p>
44:          <strong>Comment:</strong>
45:          <%= i.body %>
46:        </p>
47:    
48:    <% end %>
49:    
50:    
51:    <h2>Add a comment:</h2>
52:    <%= form_with model: [ @post, @post.comments.build ] do |form| %>
53:      <p>
54:        <%= form.label :commenter %><br>
55:        <%= form.text_field :commenter %>
56:      </p>
57:      <p>
58:        <%= form.label :body %><br>
59:        <%= form.text_area :body %>
60:      </p>
61:      <p>
62:        <%= form.submit %>
63:      </p>
64:    <% end %>
  
app/views/posts/show.html.erb:66: syntax error, unexpected end-of-input
app/views/posts/show.html.erb:66: syntax error, unexpected end-of-input
app/views/posts/show.html.erb:66: syntax error, unexpected end-of-input
app/views/posts/show.html.erb:66: syntax error, unexpected end-of-input
app/views/posts/show.html.erb:66: syntax error, unexpected end-of-input
app/views/posts/show.html.erb:66: syntax error, unexpected end-of-input
Started GET "/posts/1" for ::1 at 2023-03-16 12:13:19 +0530
Processing by PostsController#show as HTML
  Parameters: {"id"=>"1"}
  [1m[36mPost Load (0.5ms)[0m  [1m[34mSELECT `posts`.* FROM `posts` WHERE `posts`.`id` = 1 LIMIT 1[0m
  ↳ app/controllers/posts_controller.rb:63:in `set_post'
  Rendering layout layouts/application.html.erb
  Rendering posts/show.html.erb within layouts/application
  Rendered posts/_post.html.erb (Duration: 0.3ms | Allocations: 165)
  [1m[36mComment Load (0.4ms)[0m  [1m[34mSELECT `comments`.* FROM `comments` WHERE `comments`.`post_id` = 1[0m
  ↳ app/views/posts/show.html.erb:26
  [1m[36mComment Load (0.2ms)[0m  [1m[34mSELECT `comments`.* FROM `comments` WHERE `comments`.`comment_id` = 1[0m
  ↳ app/views/posts/show.html.erb:37
  [1m[36mComment Load (0.1ms)[0m  [1m[34mSELECT `comments`.* FROM `comments` WHERE `comments`.`comment_id` = 2[0m
  ↳ app/views/posts/show.html.erb:37
  [1m[36mComment Load (0.1ms)[0m  [1m[34mSELECT `comments`.* FROM `comments` WHERE `comments`.`comment_id` = 3[0m
  ↳ app/views/posts/show.html.erb:37
  Rendered posts/show.html.erb within layouts/application (Duration: 22.7ms | Allocations: 22926)
  Rendered layout layouts/application.html.erb (Duration: 25.4ms | Allocations: 25296)
Completed 200 OK in 28ms (Views: 24.0ms | ActiveRecord: 2.8ms | Allocations: 26569)


Started GET "/posts/1" for ::1 at 2023-03-16 12:14:09 +0530
Processing by PostsController#show as HTML
  Parameters: {"id"=>"1"}
  [1m[36mPost Load (0.3ms)[0m  [1m[34mSELECT `posts`.* FROM `posts` WHERE `posts`.`id` = 1 LIMIT 1[0m
  ↳ app/controllers/posts_controller.rb:63:in `set_post'
  Rendering layout layouts/application.html.erb
  Rendering posts/show.html.erb within layouts/application
  Rendered posts/_post.html.erb (Duration: 0.2ms | Allocations: 165)
  [1m[36mComment Load (0.2ms)[0m  [1m[34mSELECT `comments`.* FROM `comments` WHERE `comments`.`post_id` = 1[0m
  ↳ app/views/posts/show.html.erb:26
  [1m[36mComment Load (0.1ms)[0m  [1m[34mSELECT `comments`.* FROM `comments` WHERE `comments`.`comment_id` = 1[0m
  ↳ app/views/posts/show.html.erb:37
  [1m[36mComment Load (0.2ms)[0m  [1m[34mSELECT `comments`.* FROM `comments` WHERE `comments`.`comment_id` = 2[0m
  ↳ app/views/posts/show.html.erb:37
  [1m[36mComment Load (0.2ms)[0m  [1m[34mSELECT `comments`.* FROM `comments` WHERE `comments`.`comment_id` = 3[0m
  ↳ app/views/posts/show.html.erb:37
  Rendered posts/show.html.erb within layouts/application (Duration: 4.8ms | Allocations: 5245)
  Rendered layout layouts/application.html.erb (Duration: 6.4ms | Allocations: 7595)
Completed 200 OK in 9ms (Views: 6.4ms | ActiveRecord: 1.0ms | Allocations: 8862)


Started GET "/posts/1" for ::1 at 2023-03-16 12:17:39 +0530
Processing by PostsController#show as HTML
  Parameters: {"id"=>"1"}
  [1m[36mPost Load (0.4ms)[0m  [1m[34mSELECT `posts`.* FROM `posts` WHERE `posts`.`id` = 1 LIMIT 1[0m
  ↳ app/controllers/posts_controller.rb:63:in `set_post'
  Rendering layout layouts/application.html.erb
  Rendering posts/show.html.erb within layouts/application
  Rendered posts/_post.html.erb (Duration: 0.2ms | Allocations: 165)
  [1m[36mComment Load (0.4ms)[0m  [1m[34mSELECT `comments`.* FROM `comments` WHERE `comments`.`post_id` = 1[0m
  ↳ app/views/posts/show.html.erb:26
  Rendered posts/show.html.erb within layouts/application (Duration: 3.5ms | Allocations: 3042)
  Rendered layout layouts/application.html.erb (Duration: 5.0ms | Allocations: 5392)
Completed 200 OK in 8ms (Views: 5.2ms | ActiveRecord: 0.9ms | Allocations: 6655)


Started GET "/posts/1" for ::1 at 2023-03-16 12:18:16 +0530
Processing by PostsController#show as HTML
  Parameters: {"id"=>"1"}
  [1m[36mPost Load (0.6ms)[0m  [1m[34mSELECT `posts`.* FROM `posts` WHERE `posts`.`id` = 1 LIMIT 1[0m
  ↳ app/controllers/posts_controller.rb:63:in `set_post'
  Rendering layout layouts/application.html.erb
  Rendering posts/show.html.erb within layouts/application
  Rendered posts/_post.html.erb (Duration: 0.4ms | Allocations: 165)
  [1m[36mComment Load (0.4ms)[0m  [1m[34mSELECT `comments`.* FROM `comments` WHERE `comments`.`post_id` = 1[0m
  ↳ app/views/posts/show.html.erb:26
  Rendered posts/show.html.erb within layouts/application (Duration: 9.6ms | Allocations: 3048)
  Rendered layout layouts/application.html.erb (Duration: 12.0ms | Allocations: 5420)
Completed 200 OK in 16ms (Views: 12.7ms | ActiveRecord: 1.0ms | Allocations: 6685)


  [1m[36mComment Load (0.3ms)[0m  [1m[34mSELECT `comments`.* FROM `comments` ORDER BY `comments`.`id` ASC LIMIT 1[0m
  [1m[36mTRANSACTION (0.2ms)[0m  [1m[35mBEGIN[0m
  [1m[36mPost Load (0.6ms)[0m  [1m[34mSELECT `posts`.* FROM `posts` WHERE `posts`.`id` = 1 LIMIT 1[0m
  [1m[36mComment Load (0.3ms)[0m  [1m[34mSELECT `comments`.* FROM `comments` WHERE `comments`.`id` = 1 LIMIT 1[0m
  [1m[36mComment Create (0.3ms)[0m  [1m[32mINSERT INTO `comments` (`commenter`, `body`, `post_id`, `created_at`, `updated_at`, `comment_id`) VALUES ('bhushan', 'fdla uf rfhu ;qu', 1, '2023-03-16 06:52:20.441681', '2023-03-16 06:52:20.441681', 1)[0m
  [1m[36mTRANSACTION (3.2ms)[0m  [1m[35mCOMMIT[0m
  [1m[36mTRANSACTION (0.5ms)[0m  [1m[35mBEGIN[0m
  [1m[36mComment Load (0.7ms)[0m  [1m[34mSELECT `comments`.* FROM `comments` WHERE `comments`.`id` = 1 LIMIT 1[0m
  [1m[36mTRANSACTION (0.3ms)[0m  [1m[31mROLLBACK[0m
  [1m[36mTRANSACTION (0.5ms)[0m  [1m[35mBEGIN[0m
  [1m[36mComment Load (0.8ms)[0m  [1m[34mSELECT `comments`.* FROM `comments` WHERE `comments`.`id` = 1 LIMIT 1[0m
  [1m[36mTRANSACTION (0.7ms)[0m  [1m[31mROLLBACK[0m
Started GET "/posts/1" for ::1 at 2023-03-16 12:23:27 +0530
  [1m[36mActiveRecord::SchemaMigration Pluck (0.2ms)[0m  [1m[34mSELECT `schema_migrations`.`version` FROM `schema_migrations` ORDER BY `schema_migrations`.`version` ASC[0m
Processing by PostsController#show as HTML
  Parameters: {"id"=>"1"}
  [1m[36mPost Load (0.3ms)[0m  [1m[34mSELECT `posts`.* FROM `posts` WHERE `posts`.`id` = 1 LIMIT 1[0m
  ↳ app/controllers/posts_controller.rb:63:in `set_post'
  Rendering layout layouts/application.html.erb
  Rendering posts/show.html.erb within layouts/application
  Rendered posts/_post.html.erb (Duration: 0.2ms | Allocations: 213)
  [1m[36mComment Load (0.3ms)[0m  [1m[34mSELECT `comments`.* FROM `comments` WHERE `comments`.`post_id` = 1[0m
  ↳ app/views/posts/show.html.erb:26
  Rendered posts/show.html.erb within layouts/application (Duration: 23.7ms | Allocations: 13572)
  Rendered layout layouts/application.html.erb (Duration: 69.7ms | Allocations: 46831)
Completed 200 OK in 82ms (Views: 69.3ms | ActiveRecord: 4.4ms | Allocations: 57786)


Started GET "/posts/1" for ::1 at 2023-03-16 12:23:28 +0530
Processing by PostsController#show as HTML
  Parameters: {"id"=>"1"}
  [1m[36mPost Load (0.5ms)[0m  [1m[34mSELECT `posts`.* FROM `posts` WHERE `posts`.`id` = 1 LIMIT 1[0m
  ↳ app/controllers/posts_controller.rb:63:in `set_post'
  Rendering layout layouts/application.html.erb
  Rendering posts/show.html.erb within layouts/application
  Rendered posts/_post.html.erb (Duration: 0.1ms | Allocations: 20)
  [1m[36mComment Load (0.3ms)[0m  [1m[34mSELECT `comments`.* FROM `comments` WHERE `comments`.`post_id` = 1[0m
  ↳ app/views/posts/show.html.erb:26
  Rendered posts/show.html.erb within layouts/application (Duration: 6.2ms | Allocations: 2319)
  Rendered layout layouts/application.html.erb (Duration: 9.5ms | Allocations: 4417)
Completed 200 OK in 12ms (Views: 9.6ms | ActiveRecord: 0.9ms | Allocations: 5204)


Started GET "/posts/1" for ::1 at 2023-03-16 12:23:30 +0530
Processing by PostsController#show as HTML
  Parameters: {"id"=>"1"}
  [1m[36mPost Load (0.4ms)[0m  [1m[34mSELECT `posts`.* FROM `posts` WHERE `posts`.`id` = 1 LIMIT 1[0m
  ↳ app/controllers/posts_controller.rb:63:in `set_post'
  Rendering layout layouts/application.html.erb
  Rendering posts/show.html.erb within layouts/application
  Rendered posts/_post.html.erb (Duration: 0.1ms | Allocations: 20)
  [1m[36mComment Load (0.3ms)[0m  [1m[34mSELECT `comments`.* FROM `comments` WHERE `comments`.`post_id` = 1[0m
  ↳ app/views/posts/show.html.erb:26
  Rendered posts/show.html.erb within layouts/application (Duration: 3.0ms | Allocations: 2316)
  Rendered layout layouts/application.html.erb (Duration: 4.4ms | Allocations: 4414)
Completed 200 OK in 6ms (Views: 4.4ms | ActiveRecord: 0.6ms | Allocations: 5196)


Started GET "/posts/1" for ::1 at 2023-03-16 12:23:30 +0530
Processing by PostsController#show as HTML
  Parameters: {"id"=>"1"}
  [1m[36mPost Load (0.5ms)[0m  [1m[34mSELECT `posts`.* FROM `posts` WHERE `posts`.`id` = 1 LIMIT 1[0m
  ↳ app/controllers/posts_controller.rb:63:in `set_post'
  Rendering layout layouts/application.html.erb
  Rendering posts/show.html.erb within layouts/application
  Rendered posts/_post.html.erb (Duration: 0.1ms | Allocations: 20)
  [1m[36mComment Load (0.3ms)[0m  [1m[34mSELECT `comments`.* FROM `comments` WHERE `comments`.`post_id` = 1[0m
  ↳ app/views/posts/show.html.erb:26
  Rendered posts/show.html.erb within layouts/application (Duration: 5.1ms | Allocations: 2331)
  Rendered layout layouts/application.html.erb (Duration: 8.9ms | Allocations: 4428)
Completed 200 OK in 11ms (Views: 9.0ms | ActiveRecord: 0.8ms | Allocations: 5199)


Started GET "/posts/1" for ::1 at 2023-03-16 12:23:31 +0530
Processing by PostsController#show as HTML
  Parameters: {"id"=>"1"}
  [1m[36mPost Load (0.5ms)[0m  [1m[34mSELECT `posts`.* FROM `posts` WHERE `posts`.`id` = 1 LIMIT 1[0m
  ↳ app/controllers/posts_controller.rb:63:in `set_post'
  Rendering layout layouts/application.html.erb
  Rendering posts/show.html.erb within layouts/application
  Rendered posts/_post.html.erb (Duration: 0.1ms | Allocations: 20)
  [1m[36mComment Load (0.4ms)[0m  [1m[34mSELECT `comments`.* FROM `comments` WHERE `comments`.`post_id` = 1[0m
  ↳ app/views/posts/show.html.erb:26
  Rendered posts/show.html.erb within layouts/application (Duration: 5.4ms | Allocations: 2328)
  Rendered layout layouts/application.html.erb (Duration: 7.7ms | Allocations: 4425)
Completed 200 OK in 11ms (Views: 7.9ms | ActiveRecord: 1.0ms | Allocations: 5196)


Started GET "/" for ::1 at 2023-03-16 12:23:33 +0530
Processing by PostsController#index as HTML
  Rendering layout layouts/application.html.erb
  Rendering posts/index.html.erb within layouts/application
  [1m[36mPost Load (0.4ms)[0m  [1m[34mSELECT `posts`.* FROM `posts`[0m
  ↳ app/views/posts/index.html.erb:6
  Rendered posts/_post.html.erb (Duration: 0.1ms | Allocations: 20)
  Rendered posts/index.html.erb within layouts/application (Duration: 3.6ms | Allocations: 1182)
  Rendered layout layouts/application.html.erb (Duration: 6.2ms | Allocations: 3288)
Completed 200 OK in 7ms (Views: 6.3ms | ActiveRecord: 0.4ms | Allocations: 3648)


Started GET "/posts/1" for ::1 at 2023-03-16 12:23:36 +0530
Processing by PostsController#show as HTML
  Parameters: {"id"=>"1"}
  [1m[36mPost Load (0.6ms)[0m  [1m[34mSELECT `posts`.* FROM `posts` WHERE `posts`.`id` = 1 LIMIT 1[0m
  ↳ app/controllers/posts_controller.rb:63:in `set_post'
  Rendering layout layouts/application.html.erb
  Rendering posts/show.html.erb within layouts/application
  Rendered posts/_post.html.erb (Duration: 0.1ms | Allocations: 20)
  [1m[36mComment Load (0.3ms)[0m  [1m[34mSELECT `comments`.* FROM `comments` WHERE `comments`.`post_id` = 1[0m
  ↳ app/views/posts/show.html.erb:26
  Rendered posts/show.html.erb within layouts/application (Duration: 3.9ms | Allocations: 2310)
  Rendered layout layouts/application.html.erb (Duration: 5.4ms | Allocations: 4408)
Completed 200 OK in 8ms (Views: 5.5ms | ActiveRecord: 0.9ms | Allocations: 5191)


Started GET "/posts/1" for ::1 at 2023-03-16 12:23:55 +0530
Processing by PostsController#show as HTML
  Parameters: {"id"=>"1"}
  [1m[36mPost Load (0.4ms)[0m  [1m[34mSELECT `posts`.* FROM `posts` WHERE `posts`.`id` = 1 LIMIT 1[0m
  ↳ app/controllers/posts_controller.rb:63:in `set_post'
  Rendering layout layouts/application.html.erb
  Rendering posts/show.html.erb within layouts/application
  Rendered posts/_post.html.erb (Duration: 0.4ms | Allocations: 165)
  [1m[36mComment Load (0.4ms)[0m  [1m[34mSELECT `comments`.* FROM `comments` WHERE `comments`.`post_id` = 1[0m
  ↳ app/views/posts/show.html.erb:26
  Rendered posts/show.html.erb within layouts/application (Duration: 10.3ms | Allocations: 9846)
  Rendered layout layouts/application.html.erb (Duration: 10.5ms | Allocations: 9934)
Completed 500 Internal Server Error in 14ms (ActiveRecord: 0.8ms | Allocations: 11196)


  
ActionView::Template::Error (undefined local variable or method `i' for #<ActionView::Base:0x0000000000c670>):
    37:  
    38:     <p>
    39:       <strong>reply Commenter:</strong>
    40:       <%= i.commenter %>
    41:     </p>
    42:   
    43:     <p>
  
app/views/posts/show.html.erb:40
app/views/posts/show.html.erb:26
Started GET "/posts/1" for ::1 at 2023-03-16 12:24:15 +0530
Processing by PostsController#show as HTML
  Parameters: {"id"=>"1"}
  [1m[36mPost Load (0.4ms)[0m  [1m[34mSELECT `posts`.* FROM `posts` WHERE `posts`.`id` = 1 LIMIT 1[0m
  ↳ app/controllers/posts_controller.rb:63:in `set_post'
  Rendering layout layouts/application.html.erb
  Rendering posts/show.html.erb within layouts/application
  Rendered posts/_post.html.erb (Duration: 0.3ms | Allocations: 165)
  [1m[36mComment Load (0.4ms)[0m  [1m[34mSELECT `comments`.* FROM `comments` WHERE `comments`.`post_id` = 1[0m
  ↳ app/views/posts/show.html.erb:26
  [1m[36mComment Load (0.4ms)[0m  [1m[34mSELECT `comments`.* FROM `comments` WHERE `comments`.`comment_id` = 1[0m
  ↳ app/views/posts/show.html.erb:37
  [1m[36mComment Load (0.3ms)[0m  [1m[34mSELECT `comments`.* FROM `comments` WHERE `comments`.`comment_id` = 2[0m
  ↳ app/views/posts/show.html.erb:37
  [1m[36mComment Load (0.2ms)[0m  [1m[34mSELECT `comments`.* FROM `comments` WHERE `comments`.`comment_id` = 3[0m
  ↳ app/views/posts/show.html.erb:37
  [1m[36mComment Load (0.3ms)[0m  [1m[34mSELECT `comments`.* FROM `comments` WHERE `comments`.`comment_id` = 4[0m
  ↳ app/views/posts/show.html.erb:37
  Rendered posts/show.html.erb within layouts/application (Duration: 9.8ms | Allocations: 7287)
  Rendered layout layouts/application.html.erb (Duration: 11.9ms | Allocations: 9656)
Completed 200 OK in 15ms (Views: 11.5ms | ActiveRecord: 1.9ms | Allocations: 10922)


Started GET "/posts/1" for ::1 at 2023-03-16 12:42:42 +0530
Processing by PostsController#show as HTML
  Parameters: {"id"=>"1"}
  [1m[36mPost Load (0.2ms)[0m  [1m[34mSELECT `posts`.* FROM `posts` WHERE `posts`.`id` = 1 LIMIT 1[0m
  ↳ app/controllers/posts_controller.rb:63:in `set_post'
  Rendering layout layouts/application.html.erb
  Rendering posts/show.html.erb within layouts/application
  Rendered posts/_post.html.erb (Duration: 0.2ms | Allocations: 165)
  [1m[36mComment Load (0.4ms)[0m  [1m[34mSELECT `comments`.* FROM `comments` WHERE `comments`.`post_id` = 1 AND `comments`.`comment_id` IS NULL[0m
  ↳ app/views/posts/show.html.erb:26
  [1m[36mComment Load (0.2ms)[0m  [1m[34mSELECT `comments`.* FROM `comments` WHERE `comments`.`comment_id` = 1[0m
  ↳ app/views/posts/show.html.erb:37
  Rendered posts/show.html.erb within layouts/application (Duration: 5.0ms | Allocations: 3965)
  Rendered layout layouts/application.html.erb (Duration: 6.9ms | Allocations: 6315)
Completed 200 OK in 10ms (Views: 7.1ms | ActiveRecord: 1.0ms | Allocations: 7693)


Started GET "/posts/1" for ::1 at 2023-03-16 12:49:15 +0530
Processing by PostsController#show as HTML
  Parameters: {"id"=>"1"}
  [1m[36mPost Load (0.4ms)[0m  [1m[34mSELECT `posts`.* FROM `posts` WHERE `posts`.`id` = 1 LIMIT 1[0m
  ↳ app/controllers/posts_controller.rb:63:in `set_post'
  Rendering layout layouts/application.html.erb
  Rendering posts/show.html.erb within layouts/application
  Rendered posts/_post.html.erb (Duration: 0.2ms | Allocations: 165)
  [1m[36mComment Load (0.4ms)[0m  [1m[34mSELECT `comments`.* FROM `comments` WHERE `comments`.`post_id` = 1 AND `comments`.`comment_id` IS NULL[0m
  ↳ app/views/posts/show.html.erb:26
  [1m[36mComment Load (0.2ms)[0m  [1m[34mSELECT `comments`.* FROM `comments` WHERE `comments`.`comment_id` = 1[0m
  ↳ app/views/posts/show.html.erb:54
  Rendered posts/show.html.erb within layouts/application (Duration: 8.1ms | Allocations: 4936)
  Rendered layout layouts/application.html.erb (Duration: 10.3ms | Allocations: 7308)
Completed 200 OK in 15ms (Views: 10.6ms | ActiveRecord: 1.3ms | Allocations: 8684)


Started POST "/posts/1/comments" for ::1 at 2023-03-16 12:49:34 +0530
Processing by CommentsController#create as TURBO_STREAM
  Parameters: {"authenticity_token"=>"[FILTERED]", "comment"=>{"commenter"=>"bala", "body"=>"oho....!"}, "commit"=>"Create Comment", "post_id"=>"1"}
  [1m[36mPost Load (0.6ms)[0m  [1m[34mSELECT `posts`.* FROM `posts` WHERE `posts`.`id` = 1 LIMIT 1[0m
  ↳ app/controllers/comments_controller.rb:3:in `create'
Redirected to http://localhost:3000/posts/1
Completed 302 Found in 4ms (ActiveRecord: 0.6ms | Allocations: 2505)


Started GET "/posts/1" for ::1 at 2023-03-16 12:49:34 +0530
Processing by PostsController#show as TURBO_STREAM
  Parameters: {"id"=>"1"}
  [1m[36mPost Load (0.2ms)[0m  [1m[34mSELECT `posts`.* FROM `posts` WHERE `posts`.`id` = 1 LIMIT 1[0m
  ↳ app/controllers/posts_controller.rb:63:in `set_post'
  Rendering layout layouts/application.html.erb
  Rendering posts/show.html.erb within layouts/application
  Rendered posts/_post.html.erb (Duration: 0.0ms | Allocations: 20)
  [1m[36mComment Load (0.3ms)[0m  [1m[34mSELECT `comments`.* FROM `comments` WHERE `comments`.`post_id` = 1 AND `comments`.`comment_id` IS NULL[0m
  ↳ app/views/posts/show.html.erb:26
  [1m[36mComment Load (0.1ms)[0m  [1m[34mSELECT `comments`.* FROM `comments` WHERE `comments`.`comment_id` = 1[0m
  ↳ app/views/posts/show.html.erb:54
  Rendered posts/show.html.erb within layouts/application (Duration: 3.9ms | Allocations: 3999)
  Rendered layout layouts/application.html.erb (Duration: 5.2ms | Allocations: 6098)
Completed 200 OK in 7ms (Views: 5.3ms | ActiveRecord: 0.7ms | Allocations: 6923)


Started POST "/posts/1/comments" for ::1 at 2023-03-16 12:50:12 +0530
Processing by CommentsController#create as TURBO_STREAM
  Parameters: {"authenticity_token"=>"[FILTERED]", "comment"=>{"commenter"=>"shreya", "body"=>"jakhfkdf"}, "commit"=>"Create Comment", "post_id"=>"1"}
  [1m[36mPost Load (0.3ms)[0m  [1m[34mSELECT `posts`.* FROM `posts` WHERE `posts`.`id` = 1 LIMIT 1[0m
  ↳ app/controllers/comments_controller.rb:3:in `create'
Redirected to http://localhost:3000/posts/1
Completed 302 Found in 3ms (ActiveRecord: 0.3ms | Allocations: 1951)


Started GET "/posts/1" for ::1 at 2023-03-16 12:50:12 +0530
Processing by PostsController#show as TURBO_STREAM
  Parameters: {"id"=>"1"}
  [1m[36mPost Load (0.2ms)[0m  [1m[34mSELECT `posts`.* FROM `posts` WHERE `posts`.`id` = 1 LIMIT 1[0m
  ↳ app/controllers/posts_controller.rb:63:in `set_post'
  Rendering layout layouts/application.html.erb
  Rendering posts/show.html.erb within layouts/application
  Rendered posts/_post.html.erb (Duration: 0.0ms | Allocations: 20)
  [1m[36mComment Load (0.3ms)[0m  [1m[34mSELECT `comments`.* FROM `comments` WHERE `comments`.`post_id` = 1 AND `comments`.`comment_id` IS NULL[0m
  ↳ app/views/posts/show.html.erb:26
  [1m[36mComment Load (0.2ms)[0m  [1m[34mSELECT `comments`.* FROM `comments` WHERE `comments`.`comment_id` = 1[0m
  ↳ app/views/posts/show.html.erb:54
  Rendered posts/show.html.erb within layouts/application (Duration: 4.1ms | Allocations: 3955)
  Rendered layout layouts/application.html.erb (Duration: 5.4ms | Allocations: 6052)
Completed 200 OK in 7ms (Views: 5.2ms | ActiveRecord: 0.7ms | Allocations: 6830)


Started GET "/" for ::1 at 2023-03-16 18:21:27 +0530
  [1m[36mActiveRecord::SchemaMigration Pluck (0.2ms)[0m  [1m[34mSELECT `schema_migrations`.`version` FROM `schema_migrations` ORDER BY `schema_migrations`.`version` ASC[0m
Processing by PostsController#index as HTML
  Rendering layout layouts/application.html.erb
  Rendering posts/index.html.erb within layouts/application
  [1m[36mPost Load (0.6ms)[0m  [1m[34mSELECT `posts`.* FROM `posts`[0m
  ↳ app/views/posts/index.html.erb:6
  Rendered posts/_post.html.erb (Duration: 0.2ms | Allocations: 213)
  Rendered posts/index.html.erb within layouts/application (Duration: 8.1ms | Allocations: 6219)
  Rendered layout layouts/application.html.erb (Duration: 54.2ms | Allocations: 39136)
Completed 200 OK in 58ms (Views: 52.6ms | ActiveRecord: 2.6ms | Allocations: 43845)


Started GET "/posts/1" for ::1 at 2023-03-16 18:21:30 +0530
Processing by PostsController#show as HTML
  Parameters: {"id"=>"1"}
  [1m[36mPost Load (0.3ms)[0m  [1m[34mSELECT `posts`.* FROM `posts` WHERE `posts`.`id` = 1 LIMIT 1[0m
  ↳ app/controllers/posts_controller.rb:63:in `set_post'
  Rendering layout layouts/application.html.erb
  Rendering posts/show.html.erb within layouts/application
  Rendered posts/_post.html.erb (Duration: 0.1ms | Allocations: 20)
  [1m[36mComment Load (0.3ms)[0m  [1m[34mSELECT `comments`.* FROM `comments` WHERE `comments`.`post_id` = 1 AND `comments`.`comment_id` IS NULL[0m
  ↳ app/views/posts/show.html.erb:26
  [1m[36mComment Load (0.2ms)[0m  [1m[34mSELECT `comments`.* FROM `comments` WHERE `comments`.`comment_id` = 1[0m
  ↳ app/views/posts/show.html.erb:38
  Rendered posts/show.html.erb within layouts/application (Duration: 12.9ms | Allocations: 13982)
  Rendered layout layouts/application.html.erb (Duration: 14.1ms | Allocations: 16081)
Completed 200 OK in 17ms (Views: 12.3ms | ActiveRecord: 2.4ms | Allocations: 18671)


